<?xml version="1.0" encoding="UTF-8"?>
<testng-results skipped="0" failed="0" total="1" passed="1">
  <reporter-output>
  </reporter-output>
  <suite name="Suite" duration-ms="6156" started-at="2019-04-01T23:24:04Z" finished-at="2019-04-01T23:24:10Z">
    <groups>
    </groups>
    <test name="Test" duration-ms="6156" started-at="2019-04-01T23:24:04Z" finished-at="2019-04-01T23:24:10Z">
      <class name="firstproject.NewTest">
        <test-method status="PASS" signature="BeforeTest()[pri:0, instance:firstproject.NewTest@6767c1fc]" name="BeforeTest" is-config="true" duration-ms="2618" started-at="2019-04-01T19:24:04Z" finished-at="2019-04-01T19:24:06Z">
          <reporter-output>
          </reporter-output>
        </test-method> <!-- BeforeTest -->
        <test-method status="PASS" signature="testEasy()[pri:0, instance:firstproject.NewTest@6767c1fc]" name="testEasy" duration-ms="2847" started-at="2019-04-01T19:24:06Z" finished-at="2019-04-01T19:24:09Z">
          <reporter-output>
          </reporter-output>
        </test-method> <!-- testEasy -->
        <test-method status="PASS" signature="afterTest()[pri:0, instance:firstproject.NewTest@6767c1fc]" name="afterTest" is-config="true" duration-ms="678" started-at="2019-04-01T19:24:09Z" finished-at="2019-04-01T19:24:10Z">
          <reporter-output>
          </reporter-output>
        </test-method> <!-- afterTest -->
      </class> <!-- firstproject.NewTest -->
    </test> <!-- Test -->
  </suite> <!-- Suite -->
</testng-results>
